<?xml version="1.0" encoding="UTF-8"?>
<testng-results ignored="0" total="1" passed="1" failed="0" skipped="0">
  <reporter-output>
  </reporter-output>
  <suite started-at="2023-08-15T16:12:20 IST" name="Suite" finished-at="2023-08-15T16:12:20 IST" duration-ms="26">
    <groups>
    </groups>
    <test started-at="2023-08-15T16:12:20 IST" name="Test" finished-at="2023-08-15T16:12:20 IST" duration-ms="26">
      <class name="releaseClasses.Class2">
        <test-method signature="release2()[pri:0, instance:releaseClasses.Class2@1d8bd0de]" started-at="2023-08-15T16:12:20 IST" name="release2" finished-at="2023-08-15T16:12:20 IST" duration-ms="5" status="PASS">
          <reporter-output>
          </reporter-output>
        </test-method> <!-- release2 -->
      </class> <!-- releaseClasses.Class2 -->
    </test> <!-- Test -->
  </suite> <!-- Suite -->
</testng-results>
